This file contains any messages produced by compilers while
running configure, to aid debugging if configure makes a mistake.

It was created by gf2x configure 1.3.0, which was
generated by GNU Autoconf 2.69.  Invocation command line was

  $ ./configure 

## --------- ##
## Platform. ##
## --------- ##

hostname = theshy-virtual-machine
uname -m = x86_64
uname -r = 6.5.0-15-generic
uname -s = Linux
uname -v = #15~22.04.1-Ubuntu SMP PREEMPT_DYNAMIC Fri Jan 12 18:54:30 UTC 2

/usr/bin/uname -p = x86_64
/bin/uname -X     = unknown

/bin/arch              = x86_64
/usr/bin/arch -k       = unknown
/usr/convex/getsysinfo = unknown
/usr/bin/hostinfo      = unknown
/bin/machine           = unknown
/usr/bin/oslevel       = unknown
/bin/universe          = unknown

PATH: /usr/local/sbin
PATH: /usr/local/bin
PATH: /usr/sbin
PATH: /usr/bin
PATH: /sbin
PATH: /bin
PATH: /usr/games
PATH: /usr/local/games
PATH: /snap/bin
PATH: /snap/bin


## ----------- ##
## Core tests. ##
## ----------- ##

configure:2621: checking build system type
configure:2635: result: x86_64-unknown-linux-gnu
configure:2655: checking host system type
configure:2668: result: x86_64-unknown-linux-gnu
configure:2688: checking target system type
configure:2701: result: x86_64-unknown-linux-gnu
configure:2786: checking for gcc
configure:2802: found /usr/bin/gcc
configure:2813: result: gcc
configure:3042: checking for C compiler version
configure:3051: gcc --version >&5
gcc (Ubuntu 11.4.0-1ubuntu1~22.04) 11.4.0
Copyright (C) 2021 Free Software Foundation, Inc.
This is free software; see the source for copying conditions.  There is NO
warranty; not even for MERCHANTABILITY or FITNESS FOR A PARTICULAR PURPOSE.

configure:3062: $? = 0
configure:3051: gcc -v >&5
Using built-in specs.
COLLECT_GCC=gcc
COLLECT_LTO_WRAPPER=/usr/lib/gcc/x86_64-linux-gnu/11/lto-wrapper
OFFLOAD_TARGET_NAMES=nvptx-none:amdgcn-amdhsa
OFFLOAD_TARGET_DEFAULT=1
Target: x86_64-linux-gnu
Configured with: ../src/configure -v --with-pkgversion='Ubuntu 11.4.0-1ubuntu1~22.04' --with-bugurl=file:///usr/share/doc/gcc-11/README.Bugs --enable-languages=c,ada,c++,go,brig,d,fortran,objc,obj-c++,m2 --prefix=/usr --with-gcc-major-version-only --program-suffix=-11 --program-prefix=x86_64-linux-gnu- --enable-shared --enable-linker-build-id --libexecdir=/usr/lib --without-included-gettext --enable-threads=posix --libdir=/usr/lib --enable-nls --enable-bootstrap --enable-clocale=gnu --enable-libstdcxx-debug --enable-libstdcxx-time=yes --with-default-libstdcxx-abi=new --enable-gnu-unique-object --disable-vtable-verify --enable-plugin --enable-default-pie --with-system-zlib --enable-libphobos-checking=release --with-target-system-zlib=auto --enable-objc-gc=auto --enable-multiarch --disable-werror --enable-cet --with-arch-32=i686 --with-abi=m64 --with-multilib-list=m32,m64,mx32 --enable-multilib --with-tune=generic --enable-offload-targets=nvptx-none=/build/gcc-11-XeT9lY/gcc-11-11.4.0/debian/tmp-nvptx/usr,amdgcn-amdhsa=/build/gcc-11-XeT9lY/gcc-11-11.4.0/debian/tmp-gcn/usr --without-cuda-driver --enable-checking=release --build=x86_64-linux-gnu --host=x86_64-linux-gnu --target=x86_64-linux-gnu --with-build-config=bootstrap-lto-lean --enable-link-serialization=2
Thread model: posix
Supported LTO compression algorithms: zlib zstd
gcc version 11.4.0 (Ubuntu 11.4.0-1ubuntu1~22.04) 
... rest of stderr output deleted ...
configure:3062: $? = 0
configure:3051: gcc -V >&5
gcc: error: unrecognized command-line option '-V'
gcc: fatal error: no input files
compilation terminated.
configure:3062: $? = 1
configure:3051: gcc -qversion >&5
gcc: error: unrecognized command-line option '-qversion'; did you mean '--version'?
gcc: fatal error: no input files
compilation terminated.
configure:3062: $? = 1
configure:3082: checking whether the C compiler works
configure:3104: gcc -g -O4   conftest.c  >&5
configure:3108: $? = 0
configure:3156: result: yes
configure:3159: checking for C compiler default output file name
configure:3161: result: a.out
configure:3167: checking for suffix of executables
configure:3174: gcc -o conftest -g -O4   conftest.c  >&5
configure:3178: $? = 0
configure:3200: result: 
configure:3222: checking whether we are cross compiling
configure:3230: gcc -o conftest -g -O4   conftest.c  >&5
configure:3234: $? = 0
configure:3241: ./conftest
configure:3245: $? = 0
configure:3260: result: no
configure:3265: checking for suffix of object files
configure:3287: gcc -c -g -O4  conftest.c >&5
configure:3291: $? = 0
configure:3312: result: o
configure:3316: checking whether we are using the GNU C compiler
configure:3335: gcc -c -g -O4  conftest.c >&5
configure:3335: $? = 0
configure:3344: result: yes
configure:3353: checking whether gcc accepts -g
configure:3373: gcc -c -g  conftest.c >&5
configure:3373: $? = 0
configure:3414: result: yes
configure:3431: checking for gcc option to accept ISO C89
configure:3494: gcc  -c -g -O4  conftest.c >&5
configure:3494: $? = 0
configure:3507: result: none needed
configure:3532: checking whether gcc understands -c and -o together
configure:3554: gcc -c conftest.c -o conftest2.o
configure:3557: $? = 0
configure:3554: gcc -c conftest.c -o conftest2.o
configure:3557: $? = 0
configure:3569: result: yes
configure:3592: checking how to run the C preprocessor
configure:3623: gcc -E  conftest.c
configure:3623: $? = 0
configure:3637: gcc -E  conftest.c
conftest.c:9:10: fatal error: ac_nonexistent.h: No such file or directory
    9 | #include <ac_nonexistent.h>
      |          ^~~~~~~~~~~~~~~~~~
compilation terminated.
configure:3637: $? = 1
configure: failed program was:
| /* confdefs.h */
| #define PACKAGE_NAME "gf2x"
| #define PACKAGE_TARNAME "gf2x"
| #define PACKAGE_VERSION "1.3.0"
| #define PACKAGE_STRING "gf2x 1.3.0"
| #define PACKAGE_BUGREPORT ""
| #define PACKAGE_URL ""
| /* end confdefs.h.  */
| #include <ac_nonexistent.h>
configure:3662: result: gcc -E
configure:3682: gcc -E  conftest.c
configure:3682: $? = 0
configure:3696: gcc -E  conftest.c
conftest.c:9:10: fatal error: ac_nonexistent.h: No such file or directory
    9 | #include <ac_nonexistent.h>
      |          ^~~~~~~~~~~~~~~~~~
compilation terminated.
configure:3696: $? = 1
configure: failed program was:
| /* confdefs.h */
| #define PACKAGE_NAME "gf2x"
| #define PACKAGE_TARNAME "gf2x"
| #define PACKAGE_VERSION "1.3.0"
| #define PACKAGE_STRING "gf2x 1.3.0"
| #define PACKAGE_BUGREPORT ""
| #define PACKAGE_URL ""
| /* end confdefs.h.  */
| #include <ac_nonexistent.h>
configure:3725: checking for grep that handles long lines and -e
configure:3783: result: /usr/bin/grep
configure:3788: checking for egrep
configure:3850: result: /usr/bin/grep -E
configure:3855: checking for ANSI C header files
configure:3875: gcc -c -g -O4  conftest.c >&5
configure:3875: $? = 0
configure:3948: gcc -o conftest -g -O4   conftest.c  >&5
configure:3948: $? = 0
configure:3948: ./conftest
configure:3948: $? = 0
configure:3959: result: yes
configure:3972: checking for sys/types.h
configure:3972: gcc -c -g -O4  conftest.c >&5
configure:3972: $? = 0
configure:3972: result: yes
configure:3972: checking for sys/stat.h
configure:3972: gcc -c -g -O4  conftest.c >&5
configure:3972: $? = 0
configure:3972: result: yes
configure:3972: checking for stdlib.h
configure:3972: gcc -c -g -O4  conftest.c >&5
configure:3972: $? = 0
configure:3972: result: yes
configure:3972: checking for string.h
configure:3972: gcc -c -g -O4  conftest.c >&5
configure:3972: $? = 0
configure:3972: result: yes
configure:3972: checking for memory.h
configure:3972: gcc -c -g -O4  conftest.c >&5
configure:3972: $? = 0
configure:3972: result: yes
configure:3972: checking for strings.h
configure:3972: gcc -c -g -O4  conftest.c >&5
configure:3972: $? = 0
configure:3972: result: yes
configure:3972: checking for inttypes.h
configure:3972: gcc -c -g -O4  conftest.c >&5
configure:3972: $? = 0
configure:3972: result: yes
configure:3972: checking for stdint.h
configure:3972: gcc -c -g -O4  conftest.c >&5
configure:3972: $? = 0
configure:3972: result: yes
configure:3972: checking for unistd.h
configure:3972: gcc -c -g -O4  conftest.c >&5
configure:3972: $? = 0
configure:3972: result: yes
configure:3984: checking for size_t
configure:3984: gcc -c -g -O4  conftest.c >&5
configure:3984: $? = 0
configure:3984: gcc -c -g -O4  conftest.c >&5
conftest.c: In function 'main':
conftest.c:55:21: error: expected expression before ')' token
   55 | if (sizeof ((size_t)))
      |                     ^
configure:3984: $? = 1
configure: failed program was:
| /* confdefs.h */
| #define PACKAGE_NAME "gf2x"
| #define PACKAGE_TARNAME "gf2x"
| #define PACKAGE_VERSION "1.3.0"
| #define PACKAGE_STRING "gf2x 1.3.0"
| #define PACKAGE_BUGREPORT ""
| #define PACKAGE_URL ""
| #define STDC_HEADERS 1
| #define HAVE_SYS_TYPES_H 1
| #define HAVE_SYS_STAT_H 1
| #define HAVE_STDLIB_H 1
| #define HAVE_STRING_H 1
| #define HAVE_MEMORY_H 1
| #define HAVE_STRINGS_H 1
| #define HAVE_INTTYPES_H 1
| #define HAVE_STDINT_H 1
| #define HAVE_UNISTD_H 1
| /* end confdefs.h.  */
| #include <stdio.h>
| #ifdef HAVE_SYS_TYPES_H
| # include <sys/types.h>
| #endif
| #ifdef HAVE_SYS_STAT_H
| # include <sys/stat.h>
| #endif
| #ifdef STDC_HEADERS
| # include <stdlib.h>
| # include <stddef.h>
| #else
| # ifdef HAVE_STDLIB_H
| #  include <stdlib.h>
| # endif
| #endif
| #ifdef HAVE_STRING_H
| # if !defined STDC_HEADERS && defined HAVE_MEMORY_H
| #  include <memory.h>
| # endif
| # include <string.h>
| #endif
| #ifdef HAVE_STRINGS_H
| # include <strings.h>
| #endif
| #ifdef HAVE_INTTYPES_H
| # include <inttypes.h>
| #endif
| #ifdef HAVE_STDINT_H
| # include <stdint.h>
| #endif
| #ifdef HAVE_UNISTD_H
| # include <unistd.h>
| #endif
| int
| main ()
| {
| if (sizeof ((size_t)))
| 	    return 0;
|   ;
|   return 0;
| }
configure:3984: result: yes
configure:3997: checking for working alloca.h
configure:4014: gcc -o conftest -g -O4   conftest.c  >&5
configure:4014: $? = 0
configure:4022: result: yes
configure:4030: checking for alloca
configure:4067: gcc -o conftest -g -O4   conftest.c  >&5
configure:4067: $? = 0
configure:4075: result: yes
configure:4210: checking for a BSD-compatible install
configure:4278: result: /usr/bin/install -c
configure:4289: checking whether build environment is sane
configure:4344: result: yes
configure:4492: checking for a thread-safe mkdir -p
configure:4531: result: /usr/bin/mkdir -p
configure:4538: checking for gawk
configure:4568: result: no
configure:4538: checking for mawk
configure:4554: found /usr/bin/mawk
configure:4565: result: mawk
configure:4576: checking whether make sets $(MAKE)
configure:4598: result: yes
configure:4620: checking whether make supports the include directive
configure:4635: make -f confmf.GNU && cat confinc.out
this is the am__doit target
configure:4638: $? = 0
configure:4657: result: yes (GNU style)
configure:4690: checking whether make supports nested variables
configure:4707: result: yes
configure:4792: checking dependency style of gcc
configure:4903: result: gcc3
configure:4964: checking whether to enable maintainer-specific portions of Makefiles
configure:4973: result: yes
configure:5033: checking how to print strings
configure:5060: result: printf
configure:5081: checking for a sed that does not truncate output
configure:5145: result: /usr/bin/sed
configure:5163: checking for fgrep
configure:5225: result: /usr/bin/grep -F
configure:5260: checking for ld used by gcc
configure:5327: result: /usr/bin/ld
configure:5334: checking if the linker (/usr/bin/ld) is GNU ld
configure:5349: result: yes
configure:5361: checking for BSD- or MS-compatible name lister (nm)
configure:5415: result: /usr/bin/nm -B
configure:5545: checking the name lister (/usr/bin/nm -B) interface
configure:5552: gcc -c -g -O4  conftest.c >&5
configure:5555: /usr/bin/nm -B "conftest.o"
configure:5558: output
0000000000000000 B some_variable
configure:5565: result: BSD nm
configure:5568: checking whether ln -s works
configure:5572: result: yes
configure:5580: checking the maximum length of command line arguments
configure:5711: result: 1572864
configure:5759: checking how to convert x86_64-unknown-linux-gnu file names to x86_64-unknown-linux-gnu format
configure:5799: result: func_convert_file_noop
configure:5806: checking how to convert x86_64-unknown-linux-gnu file names to toolchain format
configure:5826: result: func_convert_file_noop
configure:5833: checking for /usr/bin/ld option to reload object files
configure:5840: result: -r
configure:5914: checking for objdump
configure:5930: found /usr/bin/objdump
configure:5941: result: objdump
configure:5973: checking how to recognize dependent libraries
configure:6173: result: pass_all
configure:6258: checking for dlltool
configure:6288: result: no
configure:6318: checking how to associate runtime and link libraries
configure:6345: result: printf %s\n
configure:6405: checking for ar
configure:6421: found /usr/bin/ar
configure:6432: result: ar
configure:6469: checking for archiver @FILE support
configure:6486: gcc -c -g -O4  conftest.c >&5
configure:6486: $? = 0
configure:6489: ar cru libconftest.a @conftest.lst >&5
ar: `u' modifier ignored since `D' is the default (see `U')
configure:6492: $? = 0
configure:6497: ar cru libconftest.a @conftest.lst >&5
ar: `u' modifier ignored since `D' is the default (see `U')
ar: conftest.o: No such file or directory
configure:6500: $? = 1
configure:6512: result: @
configure:6570: checking for strip
configure:6586: found /usr/bin/strip
configure:6597: result: strip
configure:6669: checking for ranlib
configure:6685: found /usr/bin/ranlib
configure:6696: result: ranlib
configure:6798: checking command to parse /usr/bin/nm -B output from gcc object
configure:6951: gcc -c -g -O4  conftest.c >&5
configure:6954: $? = 0
configure:6958: /usr/bin/nm -B conftest.o | sed -n -e 's/^.*[	 ]\([ABCDGIRSTW][ABCDGIRSTW]*\)[	 ][	 ]*\([_A-Za-z][_A-Za-z0-9]*\)$/\1 \2 \2/p' | sed '/ __gnu_lto/d' > conftest.nm
configure:7024: gcc -o conftest -g -O4   conftest.c conftstm.o >&5
configure:7027: $? = 0
configure:7065: result: ok
configure:7112: checking for sysroot
configure:7142: result: no
configure:7149: checking for a working dd
configure:7187: result: /usr/bin/dd
configure:7191: checking how to truncate binary pipes
configure:7206: result: /usr/bin/dd bs=4096 count=1
configure:7342: gcc -c -g -O4  conftest.c >&5
configure:7345: $? = 0
configure:7535: checking for mt
configure:7551: found /usr/bin/mt
configure:7562: result: mt
configure:7585: checking if mt is a manifest tool
configure:7591: mt '-?'
configure:7599: result: no
configure:8273: checking for dlfcn.h
configure:8273: gcc -c -g -O4  conftest.c >&5
configure:8273: $? = 0
configure:8273: result: yes
configure:8529: checking for objdir
configure:8544: result: .libs
configure:8808: checking if gcc supports -fno-rtti -fno-exceptions
configure:8826: gcc -c -g -O4  -fno-rtti -fno-exceptions conftest.c >&5
cc1: warning: command-line option '-fno-rtti' is valid for C++/D/ObjC++ but not for C
configure:8830: $? = 0
configure:8843: result: no
configure:9201: checking for gcc option to produce PIC
configure:9208: result: -fPIC -DPIC
configure:9216: checking if gcc PIC flag -fPIC -DPIC works
configure:9234: gcc -c -g -O4  -fPIC -DPIC -DPIC conftest.c >&5
configure:9238: $? = 0
configure:9251: result: yes
configure:9280: checking if gcc static flag -static works
configure:9308: result: yes
configure:9323: checking if gcc supports -c -o file.o
configure:9344: gcc -c -g -O4  -o out/conftest2.o conftest.c >&5
configure:9348: $? = 0
configure:9370: result: yes
configure:9378: checking if gcc supports -c -o file.o
configure:9425: result: yes
configure:9458: checking whether the gcc linker (/usr/bin/ld -m elf_x86_64) supports shared libraries
configure:10721: result: yes
configure:10758: checking whether -lc should be explicitly linked in
configure:10766: gcc -c -g -O4  conftest.c >&5
configure:10769: $? = 0
configure:10784: gcc -shared  -fPIC -DPIC conftest.o  -v -Wl,-soname -Wl,conftest -o conftest 2\>\&1 \| /usr/bin/grep  -lc  \>/dev/null 2\>\&1
configure:10787: $? = 0
configure:10801: result: no
configure:10961: checking dynamic linker characteristics
configure:11542: gcc -o conftest -g -O4   -Wl,-rpath -Wl,/foo conftest.c  >&5
configure:11542: $? = 0
configure:11791: result: GNU/Linux ld.so
configure:11913: checking how to hardcode library paths into programs
configure:11938: result: immediate
configure:12486: checking whether stripping libraries is possible
configure:12491: result: yes
configure:12526: checking if libtool supports shared libraries
configure:12528: result: yes
configure:12531: checking whether to build shared libraries
configure:12556: result: yes
configure:12559: checking whether to build static libraries
configure:12563: result: yes
configure:12705: checking for gcc
configure:12732: result: gcc
configure:12961: checking for C compiler version
configure:12970: gcc --version >&5
gcc (Ubuntu 11.4.0-1ubuntu1~22.04) 11.4.0
Copyright (C) 2021 Free Software Foundation, Inc.
This is free software; see the source for copying conditions.  There is NO
warranty; not even for MERCHANTABILITY or FITNESS FOR A PARTICULAR PURPOSE.

configure:12981: $? = 0
configure:12970: gcc -v >&5
Using built-in specs.
COLLECT_GCC=gcc
COLLECT_LTO_WRAPPER=/usr/lib/gcc/x86_64-linux-gnu/11/lto-wrapper
OFFLOAD_TARGET_NAMES=nvptx-none:amdgcn-amdhsa
OFFLOAD_TARGET_DEFAULT=1
Target: x86_64-linux-gnu
Configured with: ../src/configure -v --with-pkgversion='Ubuntu 11.4.0-1ubuntu1~22.04' --with-bugurl=file:///usr/share/doc/gcc-11/README.Bugs --enable-languages=c,ada,c++,go,brig,d,fortran,objc,obj-c++,m2 --prefix=/usr --with-gcc-major-version-only --program-suffix=-11 --program-prefix=x86_64-linux-gnu- --enable-shared --enable-linker-build-id --libexecdir=/usr/lib --without-included-gettext --enable-threads=posix --libdir=/usr/lib --enable-nls --enable-bootstrap --enable-clocale=gnu --enable-libstdcxx-debug --enable-libstdcxx-time=yes --with-default-libstdcxx-abi=new --enable-gnu-unique-object --disable-vtable-verify --enable-plugin --enable-default-pie --with-system-zlib --enable-libphobos-checking=release --with-target-system-zlib=auto --enable-objc-gc=auto --enable-multiarch --disable-werror --enable-cet --with-arch-32=i686 --with-abi=m64 --with-multilib-list=m32,m64,mx32 --enable-multilib --with-tune=generic --enable-offload-targets=nvptx-none=/build/gcc-11-XeT9lY/gcc-11-11.4.0/debian/tmp-nvptx/usr,amdgcn-amdhsa=/build/gcc-11-XeT9lY/gcc-11-11.4.0/debian/tmp-gcn/usr --without-cuda-driver --enable-checking=release --build=x86_64-linux-gnu --host=x86_64-linux-gnu --target=x86_64-linux-gnu --with-build-config=bootstrap-lto-lean --enable-link-serialization=2
Thread model: posix
Supported LTO compression algorithms: zlib zstd
gcc version 11.4.0 (Ubuntu 11.4.0-1ubuntu1~22.04) 
... rest of stderr output deleted ...
configure:12981: $? = 0
configure:12970: gcc -V >&5
gcc: error: unrecognized command-line option '-V'
gcc: fatal error: no input files
compilation terminated.
configure:12981: $? = 1
configure:12970: gcc -qversion >&5
gcc: error: unrecognized command-line option '-qversion'; did you mean '--version'?
gcc: fatal error: no input files
compilation terminated.
configure:12981: $? = 1
configure:12985: checking whether we are using the GNU C compiler
configure:13013: result: yes
configure:13022: checking whether gcc accepts -g
configure:13083: result: yes
configure:13100: checking for gcc option to accept ISO C89
configure:13176: result: none needed
configure:13201: checking whether gcc understands -c and -o together
configure:13238: result: yes
configure:13313: checking for g++
configure:13329: found /usr/bin/g++
configure:13340: result: g++
configure:13367: checking for C++ compiler version
configure:13376: g++ --version >&5
g++ (Ubuntu 11.4.0-1ubuntu1~22.04) 11.4.0
Copyright (C) 2021 Free Software Foundation, Inc.
This is free software; see the source for copying conditions.  There is NO
warranty; not even for MERCHANTABILITY or FITNESS FOR A PARTICULAR PURPOSE.

configure:13387: $? = 0
configure:13376: g++ -v >&5
Using built-in specs.
COLLECT_GCC=g++
COLLECT_LTO_WRAPPER=/usr/lib/gcc/x86_64-linux-gnu/11/lto-wrapper
OFFLOAD_TARGET_NAMES=nvptx-none:amdgcn-amdhsa
OFFLOAD_TARGET_DEFAULT=1
Target: x86_64-linux-gnu
Configured with: ../src/configure -v --with-pkgversion='Ubuntu 11.4.0-1ubuntu1~22.04' --with-bugurl=file:///usr/share/doc/gcc-11/README.Bugs --enable-languages=c,ada,c++,go,brig,d,fortran,objc,obj-c++,m2 --prefix=/usr --with-gcc-major-version-only --program-suffix=-11 --program-prefix=x86_64-linux-gnu- --enable-shared --enable-linker-build-id --libexecdir=/usr/lib --without-included-gettext --enable-threads=posix --libdir=/usr/lib --enable-nls --enable-bootstrap --enable-clocale=gnu --enable-libstdcxx-debug --enable-libstdcxx-time=yes --with-default-libstdcxx-abi=new --enable-gnu-unique-object --disable-vtable-verify --enable-plugin --enable-default-pie --with-system-zlib --enable-libphobos-checking=release --with-target-system-zlib=auto --enable-objc-gc=auto --enable-multiarch --disable-werror --enable-cet --with-arch-32=i686 --with-abi=m64 --with-multilib-list=m32,m64,mx32 --enable-multilib --with-tune=generic --enable-offload-targets=nvptx-none=/build/gcc-11-XeT9lY/gcc-11-11.4.0/debian/tmp-nvptx/usr,amdgcn-amdhsa=/build/gcc-11-XeT9lY/gcc-11-11.4.0/debian/tmp-gcn/usr --without-cuda-driver --enable-checking=release --build=x86_64-linux-gnu --host=x86_64-linux-gnu --target=x86_64-linux-gnu --with-build-config=bootstrap-lto-lean --enable-link-serialization=2
Thread model: posix
Supported LTO compression algorithms: zlib zstd
gcc version 11.4.0 (Ubuntu 11.4.0-1ubuntu1~22.04) 
... rest of stderr output deleted ...
configure:13387: $? = 0
configure:13376: g++ -V >&5
g++: error: unrecognized command-line option '-V'
g++: fatal error: no input files
compilation terminated.
configure:13387: $? = 1
configure:13376: g++ -qversion >&5
g++: error: unrecognized command-line option '-qversion'; did you mean '--version'?
g++: fatal error: no input files
compilation terminated.
configure:13387: $? = 1
configure:13391: checking whether we are using the GNU C++ compiler
configure:13410: g++ -c   conftest.cpp >&5
configure:13410: $? = 0
configure:13419: result: yes
configure:13428: checking whether g++ accepts -g
configure:13448: g++ -c -g  conftest.cpp >&5
configure:13448: $? = 0
configure:13489: result: yes
configure:13514: checking dependency style of g++
configure:13625: result: gcc3
configure:13658: checking how to run the C++ preprocessor
configure:13685: g++ -E  conftest.cpp
configure:13685: $? = 0
configure:13699: g++ -E  conftest.cpp
conftest.cpp:25:10: fatal error: ac_nonexistent.h: No such file or directory
   25 | #include <ac_nonexistent.h>
      |          ^~~~~~~~~~~~~~~~~~
compilation terminated.
configure:13699: $? = 1
configure: failed program was:
| /* confdefs.h */
| #define PACKAGE_NAME "gf2x"
| #define PACKAGE_TARNAME "gf2x"
| #define PACKAGE_VERSION "1.3.0"
| #define PACKAGE_STRING "gf2x 1.3.0"
| #define PACKAGE_BUGREPORT ""
| #define PACKAGE_URL ""
| #define STDC_HEADERS 1
| #define HAVE_SYS_TYPES_H 1
| #define HAVE_SYS_STAT_H 1
| #define HAVE_STDLIB_H 1
| #define HAVE_STRING_H 1
| #define HAVE_MEMORY_H 1
| #define HAVE_STRINGS_H 1
| #define HAVE_INTTYPES_H 1
| #define HAVE_STDINT_H 1
| #define HAVE_UNISTD_H 1
| #define HAVE_ALLOCA_H 1
| #define HAVE_ALLOCA 1
| #define PACKAGE "gf2x"
| #define VERSION "1.3.0"
| #define HAVE_DLFCN_H 1
| #define LT_OBJDIR ".libs/"
| /* end confdefs.h.  */
| #include <ac_nonexistent.h>
configure:13724: result: g++ -E
configure:13744: g++ -E  conftest.cpp
configure:13744: $? = 0
configure:13758: g++ -E  conftest.cpp
conftest.cpp:25:10: fatal error: ac_nonexistent.h: No such file or directory
   25 | #include <ac_nonexistent.h>
      |          ^~~~~~~~~~~~~~~~~~
compilation terminated.
configure:13758: $? = 1
configure: failed program was:
| /* confdefs.h */
| #define PACKAGE_NAME "gf2x"
| #define PACKAGE_TARNAME "gf2x"
| #define PACKAGE_VERSION "1.3.0"
| #define PACKAGE_STRING "gf2x 1.3.0"
| #define PACKAGE_BUGREPORT ""
| #define PACKAGE_URL ""
| #define STDC_HEADERS 1
| #define HAVE_SYS_TYPES_H 1
| #define HAVE_SYS_STAT_H 1
| #define HAVE_STDLIB_H 1
| #define HAVE_STRING_H 1
| #define HAVE_MEMORY_H 1
| #define HAVE_STRINGS_H 1
| #define HAVE_INTTYPES_H 1
| #define HAVE_STDINT_H 1
| #define HAVE_UNISTD_H 1
| #define HAVE_ALLOCA_H 1
| #define HAVE_ALLOCA 1
| #define PACKAGE "gf2x"
| #define VERSION "1.3.0"
| #define HAVE_DLFCN_H 1
| #define LT_OBJDIR ".libs/"
| /* end confdefs.h.  */
| #include <ac_nonexistent.h>
configure:13920: checking for ld used by g++
configure:13987: result: /usr/bin/ld -m elf_x86_64
configure:13994: checking if the linker (/usr/bin/ld -m elf_x86_64) is GNU ld
configure:14009: result: yes
configure:14064: checking whether the g++ linker (/usr/bin/ld -m elf_x86_64) supports shared libraries
configure:15137: result: yes
configure:15173: g++ -c -g -O2  conftest.cpp >&5
configure:15176: $? = 0
configure:15657: checking for g++ option to produce PIC
configure:15664: result: -fPIC -DPIC
configure:15672: checking if g++ PIC flag -fPIC -DPIC works
configure:15690: g++ -c -g -O2  -fPIC -DPIC -DPIC conftest.cpp >&5
configure:15694: $? = 0
configure:15707: result: yes
configure:15730: checking if g++ static flag -static works
configure:15758: result: yes
configure:15770: checking if g++ supports -c -o file.o
configure:15791: g++ -c -g -O2  -o out/conftest2.o conftest.cpp >&5
configure:15795: $? = 0
configure:15817: result: yes
configure:15822: checking if g++ supports -c -o file.o
configure:15869: result: yes
configure:15899: checking whether the g++ linker (/usr/bin/ld -m elf_x86_64) supports shared libraries
configure:15942: result: yes
configure:16083: checking dynamic linker characteristics
configure:16840: result: GNU/Linux ld.so
configure:16905: checking how to hardcode library paths into programs
configure:16930: result: immediate
configure:16971: checking warning verbosity option
configure:17009: result: -Wall -W for C++ -Wall -W for C
configure:17014: checking for gcc option to accept ISO C99
configure:17163: gcc  -c -g -O4 -Wall -W  conftest.c >&5
conftest.c: In function 'test_varargs':
conftest.c:96:9: warning: variable 'fnumber' set but not used [-Wunused-but-set-variable]
   96 |   float fnumber;
      |         ^~~~~~~
conftest.c:95:7: warning: variable 'number' set but not used [-Wunused-but-set-variable]
   95 |   int number;
      |       ^~~~~~
conftest.c:94:15: warning: variable 'str' set but not used [-Wunused-but-set-variable]
   94 |   const char *str;
      |               ^~~
configure:17163: $? = 0
configure:17176: result: none needed
configure:17196: checking how to run the C preprocessor
configure:17266: result: gcc -E
configure:17286: gcc -E  conftest.c
configure:17286: $? = 0
configure:17300: gcc -E  conftest.c
conftest.c:25:10: fatal error: ac_nonexistent.h: No such file or directory
   25 | #include <ac_nonexistent.h>
      |          ^~~~~~~~~~~~~~~~~~
compilation terminated.
configure:17300: $? = 1
configure: failed program was:
| /* confdefs.h */
| #define PACKAGE_NAME "gf2x"
| #define PACKAGE_TARNAME "gf2x"
| #define PACKAGE_VERSION "1.3.0"
| #define PACKAGE_STRING "gf2x 1.3.0"
| #define PACKAGE_BUGREPORT ""
| #define PACKAGE_URL ""
| #define STDC_HEADERS 1
| #define HAVE_SYS_TYPES_H 1
| #define HAVE_SYS_STAT_H 1
| #define HAVE_STDLIB_H 1
| #define HAVE_STRING_H 1
| #define HAVE_MEMORY_H 1
| #define HAVE_STRINGS_H 1
| #define HAVE_INTTYPES_H 1
| #define HAVE_STDINT_H 1
| #define HAVE_UNISTD_H 1
| #define HAVE_ALLOCA_H 1
| #define HAVE_ALLOCA 1
| #define PACKAGE "gf2x"
| #define VERSION "1.3.0"
| #define HAVE_DLFCN_H 1
| #define LT_OBJDIR ".libs/"
| /* end confdefs.h.  */
| #include <ac_nonexistent.h>
configure:17396: checking build system compiler gcc
configure:17409: gcc conftest.c
conftest.c: In function 'main':
conftest.c:4:3: warning: implicit declaration of function 'exit' [-Wimplicit-function-declaration]
    4 |   exit(0);
      |   ^~~~
conftest.c:1:1: note: include '<stdlib.h>' or provide a declaration of 'exit'
  +++ |+#include <stdlib.h>
    1 | int
conftest.c:4:3: warning: incompatible implicit declaration of built-in function 'exit' [-Wbuiltin-declaration-mismatch]
    4 |   exit(0);
      |   ^~~~
conftest.c:4:3: note: include '<stdlib.h>' or provide a declaration of 'exit'
configure:17412: $? = 0
configure:17419: result: yes
configure:17438: checking for build system executable suffix
configure:17452: gcc conftest.c -o conftest.exe
conftest.c: In function 'main':
conftest.c:4:3: warning: implicit declaration of function 'exit' [-Wimplicit-function-declaration]
    4 |   exit (0);
      |   ^~~~
conftest.c:1:1: note: include '<stdlib.h>' or provide a declaration of 'exit'
  +++ |+#include <stdlib.h>
    1 | int
conftest.c:4:3: warning: incompatible implicit declaration of built-in function 'exit' [-Wbuiltin-declaration-mismatch]
    4 |   exit (0);
      |   ^~~~
conftest.c:4:3: note: include '<stdlib.h>' or provide a declaration of 'exit'
configure:17455: $? = 0
./configure: line 17457: ./conftest: No such file or directory
configure:17452: gcc conftest.c -o conftest,ff8
conftest.c: In function 'main':
conftest.c:4:3: warning: implicit declaration of function 'exit' [-Wimplicit-function-declaration]
    4 |   exit (0);
      |   ^~~~
conftest.c:1:1: note: include '<stdlib.h>' or provide a declaration of 'exit'
  +++ |+#include <stdlib.h>
    1 | int
conftest.c:4:3: warning: incompatible implicit declaration of built-in function 'exit' [-Wbuiltin-declaration-mismatch]
    4 |   exit (0);
      |   ^~~~
conftest.c:4:3: note: include '<stdlib.h>' or provide a declaration of 'exit'
configure:17455: $? = 0
./configure: line 17457: ./conftest: No such file or directory
configure:17452: gcc conftest.c -o conftest
conftest.c: In function 'main':
conftest.c:4:3: warning: implicit declaration of function 'exit' [-Wimplicit-function-declaration]
    4 |   exit (0);
      |   ^~~~
conftest.c:1:1: note: include '<stdlib.h>' or provide a declaration of 'exit'
  +++ |+#include <stdlib.h>
    1 | int
conftest.c:4:3: warning: incompatible implicit declaration of built-in function 'exit' [-Wbuiltin-declaration-mismatch]
    4 |   exit (0);
      |   ^~~~
conftest.c:4:3: note: include '<stdlib.h>' or provide a declaration of 'exit'
configure:17455: $? = 0
configure:17469: result: 
configure:17475: checking for __attribute__((visibility("hidden")))
configure:17488: gcc -fvisibility=hidden -Werror -S conftest.c -o conftest.s 1>&5
configure:17491: $? = 0
configure:17502: result: yes
configure:17520: checking that clock() returns non-constant values
configure:17551: gcc -o conftest -g -O4 -Wall -W   conftest.c  >&5
configure:17551: $? = 0
configure:17551: ./conftest
configure:17551: $? = 0
configure:17566: result: yes
configure:17592: checking size of unsigned long
configure:17597: gcc -o conftest -g -O4 -Wall -W   conftest.c  >&5
configure:17597: $? = 0
configure:17597: ./conftest
configure:17597: $? = 0
configure:17611: result: 8
configure:17643: checking whether gcc can compile and run sse-2 code
configure:17694: gcc -o conftest -g -O4 -Wall -W -msse2   conftest.c  >&5
conftest.c: In function 'main':
conftest.c:39:13: warning: unused variable 'g' [-Wunused-variable]
   39 |     __m128d g = _mm_set_pd((double) a1, (double) a0);
      |             ^
conftest.c:33:27: warning: unused parameter 'argv' [-Wunused-parameter]
   33 | int main(int argc, char * argv[]) {
      |                    ~~~~~~~^~~~~~
configure:17694: $? = 0
configure:17694: ./conftest
configure:17694: $? = 0
configure:17758: result: yes
configure:17763: checking whether -msse2 is also understood by the preprocessor
configure:17799: gcc -E  -msse2 conftest.c
configure:17799: $? = 0
configure:17850: result: yes
configure:17869: checking whether gcc can compile and run sse-3 code
configure:17915: gcc -o conftest -g -O4 -Wall -W -msse2 -msse3  -msse2  conftest.c  >&5
configure:17915: $? = 0
configure:17915: ./conftest
configure:17915: $? = 0
configure:17972: result: yes
configure:17977: checking whether -msse3 is also understood by the preprocessor
configure:18006: gcc -E  -msse2 -msse3 conftest.c
configure:18006: $? = 0
configure:18050: result: yes
configure:18069: checking whether gcc can compile and run ssse3 code
configure:18114: gcc -o conftest -g -O4 -Wall -W -msse2 -msse3 -mssse3  -msse2 -msse3  conftest.c  >&5
configure:18114: $? = 0
configure:18114: ./conftest
configure:18114: $? = 0
configure:18170: result: yes
configure:18175: checking whether -mssse3 is also understood by the preprocessor
configure:18203: gcc -E  -msse2 -msse3 -mssse3 conftest.c
configure:18203: $? = 0
configure:18246: result: yes
configure:18265: checking whether gcc can compile and run sse-4.1 code
configure:18316: gcc -o conftest -g -O4 -Wall -W -msse2 -msse3 -mssse3 -msse4.1  -msse2 -msse3 -mssse3  conftest.c  >&5
configure:18316: $? = 0
configure:18316: ./conftest
configure:18316: $? = 0
configure:18378: result: yes
configure:18383: checking whether -msse4.1 is also understood by the preprocessor
configure:18417: gcc -E  -msse2 -msse3 -mssse3 -msse4.1 conftest.c
configure:18417: $? = 0
configure:18466: result: yes
configure:18485: checking whether gcc can compile pclmulqdq and if it is supported by the hardware
configure:18541: gcc -o conftest -g -O4 -Wall -W -msse2 -msse3 -mssse3 -msse4.1 -mpclmul  -msse2 -msse3 -mssse3 -msse4.1  conftest.c  >&5
configure:18541: $? = 0
configure:18541: ./conftest
configure:18541: $? = 0
configure:18608: result: yes
configure:18613: checking whether -mpclmul is also understood by the preprocessor
configure:18652: gcc -E  -msse2 -msse3 -mssse3 -msse4.1 -mpclmul conftest.c
configure:18652: $? = 0
configure:18706: result: yes
configure:18733: checking whether gcc understands -march=native
configure:18752: gcc -c -g -O4 -Wall -W -msse2 -msse3 -mssse3 -msse4.1 -mpclmul -march=native  -msse2 -msse3 -mssse3 -msse4.1 -mpclmul conftest.c >&5
configure:18752: $? = 0
configure:18786: result: yes
configure:18796: checking whether gcc understands -mtune=native
configure:18815: gcc -c -g -O4 -Wall -W -msse2 -msse3 -mssse3 -msse4.1 -mpclmul -march=native -mtune=native  -msse2 -msse3 -mssse3 -msse4.1 -mpclmul conftest.c >&5
configure:18815: $? = 0
configure:18824: result: yes
configure:18998: using ABI="default"
configure:19000:       CC="gcc"
configure:19002:       CFLAGS="-g -O4 -Wall -W -msse2 -msse3 -mssse3 -msse4.1 -mpclmul -march=native -mtune=native"
configure:19004:       CPPFLAGS=" -msse2 -msse3 -mssse3 -msse4.1 -mpclmul"
configure:19006:       hwdir="x86_64_pclmul"
configure:19037: checking the number of bits in an unsigned long
configure:19075: gcc -o conftest -g -O4 -Wall -W -msse2 -msse3 -mssse3 -msse4.1 -mpclmul -march=native -mtune=native  -msse2 -msse3 -mssse3 -msse4.1 -mpclmul  conftest.c  >&5
configure:19075: $? = 0
configure:19075: ./conftest
configure:19075: $? = 0
configure:19100: result: 64
configure:19104: checking whether already_tuned/x86_64_pclmul/ is right assuming 64-bits unsigned longs
configure:19109: result: yes
configure:19280: checking that generated files are newer than configure
configure:19286: result: done
configure:19353: creating ./config.status

## ---------------------- ##
## Running config.status. ##
## ---------------------- ##

This file was extended by gf2x config.status 1.3.0, which was
generated by GNU Autoconf 2.69.  Invocation command line was

  CONFIG_FILES    = 
  CONFIG_HEADERS  = 
  CONFIG_LINKS    = 
  CONFIG_COMMANDS = 
  $ ./config.status 

on theshy-virtual-machine

config.status:1212: creating version.sh
config.status:1212: creating Makefile
config.status:1212: creating tests/Makefile
config.status:1212: creating lowlevel/Makefile
config.status:1212: creating src/Makefile
config.status:1212: creating fft/Makefile
config.status:1212: creating apps/Makefile
config.status:1212: creating fft/gf2x-fft.h
config.status:1212: creating gf2x.h.in
config.status:1212: creating gf2x.pc
config.status:1212: creating gf2x/gf2x-config.h
config.status:1212: creating gf2x/gf2x-config-export.h
config.status:1212: creating gf2x.h
config.status:1393: gf2x.h is unchanged
config.status:1453: linking already_tuned/x86_64_pclmul/gf2x-thresholds.h to gf2x/gf2x-thresholds.h
config.status:1453: linking already_tuned/x86_64_pclmul/gf2x_mul1.h to gf2x/gf2x_mul1.h
config.status:1453: linking already_tuned/x86_64_pclmul/gf2x_mul2.h to gf2x/gf2x_mul2.h
config.status:1453: linking already_tuned/x86_64_pclmul/gf2x_mul3.h to gf2x/gf2x_mul3.h
config.status:1453: linking already_tuned/x86_64_pclmul/gf2x_mul4.h to gf2x/gf2x_mul4.h
config.status:1453: linking already_tuned/x86_64_pclmul/gf2x_mul5.h to gf2x/gf2x_mul5.h
config.status:1453: linking already_tuned/x86_64_pclmul/gf2x_mul6.h to gf2x/gf2x_mul6.h
config.status:1453: linking already_tuned/x86_64_pclmul/gf2x_mul7.h to gf2x/gf2x_mul7.h
config.status:1453: linking already_tuned/x86_64_pclmul/gf2x_mul8.h to gf2x/gf2x_mul8.h
config.status:1453: linking already_tuned/x86_64_pclmul/gf2x_mul9.h to gf2x/gf2x_mul9.h
config.status:1472: executing depfiles commands
config.status:1549: cd .       && sed -e '/# am--include-marker/d' Makefile         | make -f - am--depfiles
config.status:1554: $? = 0
config.status:1549: cd tests       && sed -e '/# am--include-marker/d' Makefile         | make -f - am--depfiles
config.status:1554: $? = 0
config.status:1549: cd src       && sed -e '/# am--include-marker/d' Makefile         | make -f - am--depfiles
config.status:1554: $? = 0
config.status:1549: cd fft       && sed -e '/# am--include-marker/d' Makefile         | make -f - am--depfiles
config.status:1554: $? = 0
config.status:1549: cd apps       && sed -e '/# am--include-marker/d' Makefile         | make -f - am--depfiles
config.status:1554: $? = 0
config.status:1472: executing libtool commands

## ---------------- ##
## Cache variables. ##
## ---------------- ##

ac_cv_build=x86_64-unknown-linux-gnu
ac_cv_c_compiler_gnu=yes
ac_cv_cxx_compiler_gnu=yes
ac_cv_env_CCC_set=
ac_cv_env_CCC_value=
ac_cv_env_CC_FOR_BUILD_set=
ac_cv_env_CC_FOR_BUILD_value=
ac_cv_env_CC_set=
ac_cv_env_CC_value=
ac_cv_env_CFLAGS_set=
ac_cv_env_CFLAGS_value=
ac_cv_env_CPPFLAGS_set=
ac_cv_env_CPPFLAGS_value=
ac_cv_env_CPP_set=
ac_cv_env_CPP_value=
ac_cv_env_CXXCPP_set=
ac_cv_env_CXXCPP_value=
ac_cv_env_CXXFLAGS_set=
ac_cv_env_CXXFLAGS_value=
ac_cv_env_CXX_set=
ac_cv_env_CXX_value=
ac_cv_env_LDFLAGS_set=
ac_cv_env_LDFLAGS_value=
ac_cv_env_LIBS_set=
ac_cv_env_LIBS_value=
ac_cv_env_LT_SYS_LIBRARY_PATH_set=
ac_cv_env_LT_SYS_LIBRARY_PATH_value=
ac_cv_env_build_alias_set=
ac_cv_env_build_alias_value=
ac_cv_env_host_alias_set=
ac_cv_env_host_alias_value=
ac_cv_env_target_alias_set=
ac_cv_env_target_alias_value=
ac_cv_func_alloca_works=yes
ac_cv_header_dlfcn_h=yes
ac_cv_header_inttypes_h=yes
ac_cv_header_memory_h=yes
ac_cv_header_stdc=yes
ac_cv_header_stdint_h=yes
ac_cv_header_stdlib_h=yes
ac_cv_header_string_h=yes
ac_cv_header_strings_h=yes
ac_cv_header_sys_stat_h=yes
ac_cv_header_sys_types_h=yes
ac_cv_header_unistd_h=yes
ac_cv_host=x86_64-unknown-linux-gnu
ac_cv_objext=o
ac_cv_path_EGREP='/usr/bin/grep -E'
ac_cv_path_FGREP='/usr/bin/grep -F'
ac_cv_path_GREP=/usr/bin/grep
ac_cv_path_SED=/usr/bin/sed
ac_cv_path_install='/usr/bin/install -c'
ac_cv_path_lt_DD=/usr/bin/dd
ac_cv_path_mkdir=/usr/bin/mkdir
ac_cv_prog_AWK=mawk
ac_cv_prog_CPP='gcc -E'
ac_cv_prog_CXXCPP='g++ -E'
ac_cv_prog_ac_ct_AR=ar
ac_cv_prog_ac_ct_CC=gcc
ac_cv_prog_ac_ct_CXX=g++
ac_cv_prog_ac_ct_MANIFEST_TOOL=mt
ac_cv_prog_ac_ct_OBJDUMP=objdump
ac_cv_prog_ac_ct_RANLIB=ranlib
ac_cv_prog_ac_ct_STRIP=strip
ac_cv_prog_cc_c89=
ac_cv_prog_cc_c99=
ac_cv_prog_cc_g=yes
ac_cv_prog_cxx_g=yes
ac_cv_prog_make_make_set=yes
ac_cv_sizeof_unsigned_long=8
ac_cv_target=x86_64-unknown-linux-gnu
ac_cv_type_size_t=yes
ac_cv_working_alloca_h=yes
am_cv_CC_dependencies_compiler_type=gcc3
am_cv_CXX_dependencies_compiler_type=gcc3
am_cv_make_support_nested_variables=yes
am_cv_prog_cc_c_o=yes
gf2x_cv_cc_supports_march_native=yes
gf2x_cv_cc_supports_mtune_native=yes
gf2x_cv_cc_supports_pclmul=yes
gf2x_cv_cc_supports_sse2=yes
gf2x_cv_cc_supports_sse3=yes
gf2x_cv_cc_supports_sse41=yes
gf2x_cv_cc_supports_ssse3=yes
gf2x_cv_clock_is_not_constant=yes
gf2x_cv_cpp_understands_mpclmul_flag=yes
gf2x_cv_cpp_understands_msse2_flag=yes
gf2x_cv_cpp_understands_msse3_flag=yes
gf2x_cv_cpp_understands_msse41_flag=yes
gf2x_cv_cpp_understands_mssse3_flag=yes
gf2x_cv_hidden_visibility_attribute=yes
gf2x_cv_prog_exeext_for_build=
gf2x_cv_ulongbits=64
lt_cv_ar_at_file=@
lt_cv_archive_cmds_need_lc=no
lt_cv_deplibs_check_method=pass_all
lt_cv_file_magic_cmd='$MAGIC_CMD'
lt_cv_file_magic_test_file=
lt_cv_ld_reload_flag=-r
lt_cv_nm_interface='BSD nm'
lt_cv_objdir=.libs
lt_cv_path_LD=/usr/bin/ld
lt_cv_path_LDCXX='/usr/bin/ld -m elf_x86_64'
lt_cv_path_NM='/usr/bin/nm -B'
lt_cv_path_mainfest_tool=no
lt_cv_prog_compiler_c_o=yes
lt_cv_prog_compiler_c_o_CXX=yes
lt_cv_prog_compiler_pic='-fPIC -DPIC'
lt_cv_prog_compiler_pic_CXX='-fPIC -DPIC'
lt_cv_prog_compiler_pic_works=yes
lt_cv_prog_compiler_pic_works_CXX=yes
lt_cv_prog_compiler_rtti_exceptions=no
lt_cv_prog_compiler_static_works=yes
lt_cv_prog_compiler_static_works_CXX=yes
lt_cv_prog_gnu_ld=yes
lt_cv_prog_gnu_ldcxx=yes
lt_cv_sharedlib_from_linklib_cmd='printf %s\n'
lt_cv_shlibpath_overrides_runpath=yes
lt_cv_sys_global_symbol_pipe='sed -n -e '\''s/^.*[	 ]\([ABCDGIRSTW][ABCDGIRSTW]*\)[	 ][	 ]*\([_A-Za-z][_A-Za-z0-9]*\)$/\1 \2 \2/p'\'' | sed '\''/ __gnu_lto/d'\'''
lt_cv_sys_global_symbol_to_c_name_address='sed -n -e '\''s/^: \(.*\) .*$/  {"\1", (void *) 0},/p'\'' -e '\''s/^[ABCDGIRSTW][ABCDGIRSTW]* .* \(.*\)$/  {"\1", (void *) \&\1},/p'\'''
lt_cv_sys_global_symbol_to_c_name_address_lib_prefix='sed -n -e '\''s/^: \(.*\) .*$/  {"\1", (void *) 0},/p'\'' -e '\''s/^[ABCDGIRSTW][ABCDGIRSTW]* .* \(lib.*\)$/  {"\1", (void *) \&\1},/p'\'' -e '\''s/^[ABCDGIRSTW][ABCDGIRSTW]* .* \(.*\)$/  {"lib\1", (void *) \&\1},/p'\'''
lt_cv_sys_global_symbol_to_cdecl='sed -n -e '\''s/^T .* \(.*\)$/extern int \1();/p'\'' -e '\''s/^[ABCDGIRSTW][ABCDGIRSTW]* .* \(.*\)$/extern char \1;/p'\'''
lt_cv_sys_global_symbol_to_import=
lt_cv_sys_max_cmd_len=1572864
lt_cv_to_host_file_cmd=func_convert_file_noop
lt_cv_to_tool_file_cmd=func_convert_file_noop
lt_cv_truncate_bin='/usr/bin/dd bs=4096 count=1'

## ----------------- ##
## Output variables. ##
## ----------------- ##

ACLOCAL='${SHELL} /home/theshy/Documents/RMFE/gf2x-1.3.0/config/missing aclocal-1.16'
ALLOCA=''
AMDEPBACKSLASH='\'
AMDEP_FALSE='#'
AMDEP_TRUE=''
AMTAR='$${TAR-tar}'
AM_BACKSLASH='\'
AM_DEFAULT_V='$(AM_DEFAULT_VERBOSITY)'
AM_DEFAULT_VERBOSITY='1'
AM_V='$(V)'
AR='ar'
AUTOCONF='${SHELL} /home/theshy/Documents/RMFE/gf2x-1.3.0/config/missing autoconf'
AUTOHEADER='${SHELL} /home/theshy/Documents/RMFE/gf2x-1.3.0/config/missing autoheader'
AUTOMAKE='${SHELL} /home/theshy/Documents/RMFE/gf2x-1.3.0/config/missing automake-1.16'
AWK='mawk'
CC='gcc'
CCDEPMODE='depmode=gcc3'
CC_FOR_BUILD='gcc'
CFLAGS='-g -O4 -Wall -W -msse2 -msse3 -mssse3 -msse4.1 -mpclmul -march=native -mtune=native'
CPP='gcc -E'
CPPFLAGS=' -msse2 -msse3 -mssse3 -msse4.1 -mpclmul'
CXX='g++'
CXXCPP='g++ -E'
CXXDEPMODE='depmode=gcc3'
CXXFLAGS='-g -O2 -Wall -W'
CYGPATH_W='echo'
DEFS='-DHAVE_CONFIG_H'
DEPDIR='.deps'
DLLTOOL='false'
DSYMUTIL=''
DUMPBIN=''
ECHO_C=''
ECHO_N='-n'
ECHO_T=''
EGREP='/usr/bin/grep -E'
ENABLE_FFT_INTERFACE_FALSE=''
ENABLE_FFT_INTERFACE_TRUE='#'
EXEEXT=''
EXEEXT_FOR_BUILD=''
FGREP='/usr/bin/grep -F'
GF2X_32BIT_SOURCES_FALSE=''
GF2X_32BIT_SOURCES_TRUE='#'
GF2X_64BIT_SOURCES_FALSE='#'
GF2X_64BIT_SOURCES_TRUE=''
GF2X_FFT_VERSION_MAJOR='GF2X_VERSION_MAJOR'
GF2X_FFT_VERSION_MINOR='GF2X_VERSION_MINOR'
GF2X_FFT_VERSION_PATCHLEVEL='GF2X_VERSION_PATCHLEVEL'
GF2X_PCLMUL_AVAILABLE_FALSE='#'
GF2X_PCLMUL_AVAILABLE_TRUE=''
GF2X_SSE2_AVAILABLE_FALSE='#'
GF2X_SSE2_AVAILABLE_TRUE=''
GF2X_VERSION_MAJOR='1'
GF2X_VERSION_MINOR='3'
GF2X_VERSION_PATCHLEVEL='0'
GF2X_WORDSIZE='64'
GPL_CODE_PRESENT_FALSE='#'
GPL_CODE_PRESENT_TRUE=''
GREP='/usr/bin/grep'
HAVE_HIDDEN_VISIBILITY_ATTRIBUTE_FALSE='#'
HAVE_HIDDEN_VISIBILITY_ATTRIBUTE_TRUE=''
HAVE_NONCONSTANT_CLOCK_FALSE='#'
HAVE_NONCONSTANT_CLOCK_TRUE=''
INSTALL_DATA='${INSTALL} -m 644'
INSTALL_PROGRAM='${INSTALL}'
INSTALL_SCRIPT='${INSTALL}'
INSTALL_STRIP_PROGRAM='$(install_sh) -c -s'
LD='/usr/bin/ld -m elf_x86_64'
LDFLAGS=''
LIBOBJS=''
LIBS=''
LIBTOOL='$(SHELL) $(top_builddir)/libtool'
LIPO=''
LN_S='ln -s'
LTLIBOBJS=''
LT_SYS_LIBRARY_PATH=''
MAINT=''
MAINTAINER_MODE_FALSE='#'
MAINTAINER_MODE_TRUE=''
MAKEINFO='${SHELL} /home/theshy/Documents/RMFE/gf2x-1.3.0/config/missing makeinfo'
MANIFEST_TOOL=':'
MKDIR_P='/usr/bin/mkdir -p'
NM='/usr/bin/nm -B'
NMEDIT=''
OBJDUMP='objdump'
OBJEXT='o'
OTOOL64=''
OTOOL=''
PACKAGE='gf2x'
PACKAGE_BUGREPORT=''
PACKAGE_NAME='gf2x'
PACKAGE_STRING='gf2x 1.3.0'
PACKAGE_TARNAME='gf2x'
PACKAGE_URL=''
PACKAGE_VERSION='1.3.0'
PATH_SEPARATOR=':'
RANLIB='ranlib'
SED='/usr/bin/sed'
SET_MAKE=''
SHELL='/bin/bash'
STRIP='strip'
VERSION='1.3.0'
WORDSIZE_IS_64_FALSE='#'
WORDSIZE_IS_64_TRUE=''
ac_ct_AR='ar'
ac_ct_CC='gcc'
ac_ct_CXX='g++'
ac_ct_DUMPBIN=''
am__EXEEXT_FALSE=''
am__EXEEXT_TRUE='#'
am__fastdepCC_FALSE='#'
am__fastdepCC_TRUE=''
am__fastdepCXX_FALSE='#'
am__fastdepCXX_TRUE=''
am__include='include'
am__isrc=''
am__leading_dot='.'
am__nodep='_no'
am__quote=''
am__tar='$${TAR-tar} chof - "$$tardir"'
am__untar='$${TAR-tar} xf -'
bindir='${exec_prefix}/bin'
build='x86_64-unknown-linux-gnu'
build_alias=''
build_cpu='x86_64'
build_os='linux-gnu'
build_vendor='unknown'
datadir='${datarootdir}'
datarootdir='${prefix}/share'
docdir='${datarootdir}/doc/${PACKAGE_TARNAME}'
dvidir='${docdir}'
exec_prefix='${prefix}'
gf2x_fft_lib_version='3:0:0'
gf2x_lib_version='3:0:0'
host='x86_64-unknown-linux-gnu'
host_alias=''
host_cpu='x86_64'
host_os='linux-gnu'
host_vendor='unknown'
htmldir='${docdir}'
includedir='${prefix}/include'
infodir='${datarootdir}/info'
install_sh='${SHELL} /home/theshy/Documents/RMFE/gf2x-1.3.0/config/install-sh'
libdir='${exec_prefix}/lib'
libexecdir='${exec_prefix}/libexec'
localedir='${datarootdir}/locale'
localstatedir='${prefix}/var'
mandir='${datarootdir}/man'
mkdir_p='$(MKDIR_P)'
oldincludedir='/usr/include'
pdfdir='${docdir}'
prefix='/usr/local'
program_transform_name='s,x,x,'
psdir='${docdir}'
runstatedir='${localstatedir}/run'
sbindir='${exec_prefix}/sbin'
sharedstatedir='${prefix}/com'
sysconfdir='${prefix}/etc'
target='x86_64-unknown-linux-gnu'
target_alias=''
target_cpu='x86_64'
target_os='linux-gnu'
target_vendor='unknown'

## ----------- ##
## confdefs.h. ##
## ----------- ##

/* confdefs.h */
#define PACKAGE_NAME "gf2x"
#define PACKAGE_TARNAME "gf2x"
#define PACKAGE_VERSION "1.3.0"
#define PACKAGE_STRING "gf2x 1.3.0"
#define PACKAGE_BUGREPORT ""
#define PACKAGE_URL ""
#define STDC_HEADERS 1
#define HAVE_SYS_TYPES_H 1
#define HAVE_SYS_STAT_H 1
#define HAVE_STDLIB_H 1
#define HAVE_STRING_H 1
#define HAVE_MEMORY_H 1
#define HAVE_STRINGS_H 1
#define HAVE_INTTYPES_H 1
#define HAVE_STDINT_H 1
#define HAVE_UNISTD_H 1
#define HAVE_ALLOCA_H 1
#define HAVE_ALLOCA 1
#define PACKAGE "gf2x"
#define VERSION "1.3.0"
#define HAVE_DLFCN_H 1
#define LT_OBJDIR ".libs/"
#define HAVE_HIDDEN_VISIBILITY_ATTRIBUTE 1
#define HAVE_NONCONSTANT_CLOCK 1
#define SIZEOF_UNSIGNED_LONG 8
#define GF2X_HAVE_SSE2_SUPPORT 1
#define GF2X_HAVE_SSE3_SUPPORT 1
#define GF2X_HAVE_SSSE3_SUPPORT 1
#define GF2X_HAVE_SSE41_SUPPORT 1
#define GF2X_HAVE_PCLMUL_SUPPORT 1
#define GPL_CODE_PRESENT 1

configure: exit 0
